c:\users\lab2\desktop\enumedrs-main\enumedr\x64\release\vc145.pdb
c:\users\lab2\desktop\enumedrs-main\enumedr\x64\release\main.obj
c:\users\lab2\desktop\enumedrs-main\enumedr\x64\release\helpers.obj
c:\users\lab2\desktop\enumedrs-main\enumedr\x64\release\enumprocesses.obj
c:\users\lab2\desktop\enumedrs-main\enumedr\x64\release\enumdrivers.obj
c:\users\lab2\desktop\enumedrs-main\enumedr\x64\release\edrs.obj
c:\users\lab2\desktop\enumedrs-main\enumedr\x64\release\checkedr.obj
c:\users\lab2\desktop\enumedrs-main\enumedr\x64\release\console.obj
c:\users\lab2\desktop\enumedrs-main\x64\release\enumedr.exe
c:\users\lab2\desktop\enumedrs-main\x64\release\enumedr.pdb
c:\users\lab2\desktop\enumedrs-main\enumedr\x64\release\enumedr.ipdb
c:\users\lab2\desktop\enumedrs-main\enumedr\x64\release\enumedr.iobj
c:\users\lab2\desktop\enumedrs-main\enumedr\x64\release\enumedr.tlog\cl.command.1.tlog
c:\users\lab2\desktop\enumedrs-main\enumedr\x64\release\enumedr.tlog\cl.items.tlog
c:\users\lab2\desktop\enumedrs-main\enumedr\x64\release\enumedr.tlog\cl.read.1.tlog
c:\users\lab2\desktop\enumedrs-main\enumedr\x64\release\enumedr.tlog\cl.write.1.tlog
c:\users\lab2\desktop\enumedrs-main\enumedr\x64\release\enumedr.tlog\link.command.1.tlog
c:\users\lab2\desktop\enumedrs-main\enumedr\x64\release\enumedr.tlog\link.read.1.tlog
c:\users\lab2\desktop\enumedrs-main\enumedr\x64\release\enumedr.tlog\link.secondary.1.tlog
c:\users\lab2\desktop\enumedrs-main\enumedr\x64\release\enumedr.tlog\link.write.1.tlog
